<?xml version="1.0" encoding="UTF-8"?>
<!-- Generated by org.testng.reporters.JUnitXMLReporter -->
<testsuite ignored="3" hostname="DESKTOP-205QLP3" failures="0" tests="1" name="grouping test" time="4.347" errors="0" timestamp="2025-10-31T15:33:31 IST">
  <testcase classname="testcases.LoginPageTest" name="validUsernamePassword" time="0.825"/>
  <testcase classname="testcases.LoginPageTest" name="incorretUsernamePassword" time="0.0">
    <ignored/>
  </testcase> <!-- incorretUsernamePassword -->
  <testcase classname="testcases.LoginPageTest" name="verifyCredentialsWithCorrectUsername" time="0.0">
    <ignored/>
  </testcase> <!-- verifyCredentialsWithCorrectUsername -->
  <testcase classname="testcases.LoginPageTest" name="verifyValidCredentials" time="0.0">
    <ignored/>
  </testcase> <!-- verifyValidCredentials -->
</testsuite> <!-- grouping test -->
