<?xml version="1.0" encoding="UTF-8"?>
<!-- Generated by org.testng.reporters.JUnitXMLReporter -->
<testsuite ignored="3" hostname="DESKTOP-205QLP3" failures="0" tests="1" name="Default test" time="9.802" errors="0" timestamp="2025-10-24T15:24:29 IST">
  <testcase classname="Testcases.LoginPageTest" name="incorretUsernamePassword" time="3.007"/>
  <testcase classname="Testcases.LoginPageTest" name="verifyCredentialsWithCorrectUsername" time="0.0">
    <ignored/>
  </testcase> <!-- verifyCredentialsWithCorrectUsername -->
  <testcase classname="Testcases.LoginPageTest" name="verifyValidCredentials" time="0.0">
    <ignored/>
  </testcase> <!-- verifyValidCredentials -->
  <testcase classname="Testcases.LoginPageTest" name="validUsernamePassword" time="0.0">
    <ignored/>
  </testcase> <!-- validUsernamePassword -->
</testsuite> <!-- Default test -->
