<?xml version="1.0" encoding="UTF-8"?>
<testng-results ignored="3" total="4" passed="1" failed="0" skipped="0">
  <reporter-output>
  </reporter-output>
  <suite started-at="2025-10-24T15:24:19 IST" name="Default suite" finished-at="2025-10-24T15:24:29 IST" duration-ms="9802">
    <groups>
    </groups>
    <test started-at="2025-10-24T15:24:19 IST" name="Default test" finished-at="2025-10-24T15:24:29 IST" duration-ms="9802">
      <class name="Testcases.LoginPageTest">
        <test-method is-config="true" signature="beforeMethod()[pri:0, instance:Testcases.LoginPageTest@77c2494c]" started-at="2025-10-24T15:24:19 IST" name="beforeMethod" finished-at="2025-10-24T15:24:26 IST" duration-ms="6657" status="PASS">
          <reporter-output>
          </reporter-output>
        </test-method> <!-- beforeMethod -->
        <test-method signature="incorretUsernamePassword()[pri:0, instance:Testcases.LoginPageTest@77c2494c]" started-at="2025-10-24T15:24:26 IST" name="incorretUsernamePassword" finished-at="2025-10-24T15:24:29 IST" duration-ms="3007" status="PASS">
          <reporter-output>
          </reporter-output>
        </test-method> <!-- incorretUsernamePassword -->
        <test-method is-config="true" signature="afterMethod()[pri:0, instance:Testcases.LoginPageTest@77c2494c]" started-at="2025-10-24T15:24:29 IST" name="afterMethod" finished-at="2025-10-24T15:24:29 IST" duration-ms="0" status="PASS">
          <reporter-output>
          </reporter-output>
        </test-method> <!-- afterMethod -->
      </class> <!-- Testcases.LoginPageTest -->
    </test> <!-- Default test -->
  </suite> <!-- Default suite -->
</testng-results>
